  dllmain.cpp
C:\Users\User\source\repos\portal_hack\portal_hack\dllmain.h(20,2): warning C4091: 'typedef ': ignored on left of 'EntityList' when no variable is declared
C:\Users\User\source\repos\portal_hack\portal_hack\dllmain.cpp(504,24): warning C4244: 'initializing': conversion from 'float' to 'int', possible loss of data
C:\Users\User\source\repos\portal_hack\portal_hack\dllmain.cpp(505,24): warning C4244: 'initializing': conversion from 'float' to 'int', possible loss of data
C:\Users\User\source\repos\portal_hack\portal_hack\dllmain.cpp(506,24): warning C4244: 'initializing': conversion from 'float' to 'int', possible loss of data
C:\Users\User\source\repos\portal_hack\portal_hack\dllmain.cpp(507,24): warning C4244: 'initializing': conversion from 'float' to 'int', possible loss of data
C:\Users\User\source\repos\portal_hack\portal_hack\dllmain.cpp(508,24): warning C4244: 'initializing': conversion from 'float' to 'int', possible loss of data
C:\Users\User\source\repos\portal_hack\portal_hack\dllmain.cpp(509,24): warning C4244: 'initializing': conversion from 'float' to 'int', possible loss of data
C:\Users\User\source\repos\portal_hack\portal_hack\dllmain.cpp(576,16): warning C4244: 'initializing': conversion from 'int' to 'float', possible loss of data
C:\Users\User\source\repos\portal_hack\portal_hack\dllmain.cpp(591,26): warning C4305: 'initializing': truncation from 'double' to 'float'
C:\Users\User\source\repos\portal_hack\portal_hack\dllmain.cpp(591,33): warning C4305: 'initializing': truncation from 'double' to 'float'
C:\Users\User\source\repos\portal_hack\portal_hack\dllmain.cpp(591,40): warning C4305: 'initializing': truncation from 'double' to 'float'
C:\Users\User\source\repos\portal_hack\portal_hack\dllmain.cpp(591,47): warning C4305: 'initializing': truncation from 'double' to 'float'
C:\Users\User\source\repos\portal_hack\portal_hack\dllmain.cpp(591,54): warning C4305: 'initializing': truncation from 'double' to 'float'
C:\Users\User\source\repos\portal_hack\portal_hack\dllmain.cpp(592,26): warning C4305: 'initializing': truncation from 'double' to 'float'
C:\Users\User\source\repos\portal_hack\portal_hack\dllmain.cpp(592,33): warning C4305: 'initializing': truncation from 'double' to 'float'
C:\Users\User\source\repos\portal_hack\portal_hack\dllmain.cpp(592,40): warning C4305: 'initializing': truncation from 'double' to 'float'
C:\Users\User\source\repos\portal_hack\portal_hack\dllmain.cpp(592,47): warning C4305: 'initializing': truncation from 'double' to 'float'
C:\Users\User\source\repos\portal_hack\portal_hack\dllmain.cpp(592,54): warning C4305: 'initializing': truncation from 'double' to 'float'
  portal_hack.vcxproj -> C:\Users\User\source\repos\portal_hack\Debug\portalhack.dll
